D:\EGYETEM\MSC DIPTERV\KINECT_APP\KINECT_APP\WIN32\DEBUG\OGREWIDGET.OBJ
D:\EGYETEM\MSC DIPTERV\KINECT_APP\KINECT_APP\WIN32\DEBUG\MAIN.OBJ
D:\EGYETEM\MSC DIPTERV\KINECT_APP\KINECT_APP\WIN32\DEBUG\KINECT_APP.OBJ
D:\EGYETEM\MSC DIPTERV\KINECT_APP\KINECT_APP\WIN32\DEBUG\MOC_OGREWIDGET.OBJ
D:\EGYETEM\MSC DIPTERV\KINECT_APP\KINECT_APP\WIN32\DEBUG\MOC_KINECT_APP.OBJ
D:\EGYETEM\MSC DIPTERV\KINECT_APP\KINECT_APP\WIN32\DEBUG\ERROR_CODE.OBJ
D:\EGYETEM\MSC DIPTERV\KINECT_APP\KINECT_APP\WIN32\DEBUG\VC110.PDB
D:\EGYETEM\MSC DIPTERV\KINECT_APP\KINECT_APP\WIN32\DEBUG\QRC_KINECT_APP.OBJ
D:\EGYETEM\MSC DIPTERV\KINECT_APP\KINECT_APP\GENERATEDFILES\QRC_KINECT_APP.CPP
D:\EGYETEM\MSC DIPTERV\KINECT_APP\KINECT_APP\GENERATEDFILES\UI_KINECT_APP.H
D:\EGYETEM\MSC DIPTERV\KINECT_APP\KINECT_APP\GENERATEDFILES\DEBUG\MOC_KINECT_APP.CPP
D:\EGYETEM\MSC DIPTERV\KINECT_APP\KINECT_APP\GENERATEDFILES\DEBUG\MOC_OGREWIDGET.CPP
D:\EGYETEM\MSC DIPTERV\KINECT_APP\WIN32\DEBUG\KINECT_APP.ILK
D:\EGYETEM\MSC DIPTERV\KINECT_APP\WIN32\DEBUG\KINECT_APP.EXE
D:\EGYETEM\MSC DIPTERV\KINECT_APP\WIN32\DEBUG\KINECT_APP.PDB
D:\egyetem\Msc dipterv\kinect_app\kinect_app\Win32\Debug\error_code.obj
D:\egyetem\Msc dipterv\kinect_app\kinect_app\Win32\Debug\kinect_app.obj
D:\egyetem\Msc dipterv\kinect_app\kinect_app\Win32\Debug\main.obj
D:\egyetem\Msc dipterv\kinect_app\kinect_app\Win32\Debug\moc_kinect_app.obj
D:\egyetem\Msc dipterv\kinect_app\kinect_app\Win32\Debug\moc_ogrewidget.obj
D:\egyetem\Msc dipterv\kinect_app\kinect_app\Win32\Debug\ogrewidget.obj
D:\egyetem\Msc dipterv\kinect_app\kinect_app\Win32\Debug\qrc_kinect_app.obj
D:\egyetem\Msc dipterv\kinect_app\kinect_app\Win32\Debug\cl.command.1.tlog
D:\egyetem\Msc dipterv\kinect_app\kinect_app\Win32\Debug\CL.read.1.tlog
D:\egyetem\Msc dipterv\kinect_app\kinect_app\Win32\Debug\CL.write.1.tlog
D:\egyetem\Msc dipterv\kinect_app\kinect_app\Win32\Debug\custombuild.command.1.tlog
D:\egyetem\Msc dipterv\kinect_app\kinect_app\Win32\Debug\custombuild.read.1.tlog
D:\egyetem\Msc dipterv\kinect_app\kinect_app\Win32\Debug\custombuild.write.1.tlog
D:\egyetem\Msc dipterv\kinect_app\kinect_app\Win32\Debug\link-cvtres.read.1.tlog
D:\egyetem\Msc dipterv\kinect_app\kinect_app\Win32\Debug\link-cvtres.write.1.tlog
D:\egyetem\Msc dipterv\kinect_app\kinect_app\Win32\Debug\link-rc.read.1.tlog
D:\egyetem\Msc dipterv\kinect_app\kinect_app\Win32\Debug\link-rc.write.1.tlog
D:\egyetem\Msc dipterv\kinect_app\kinect_app\Win32\Debug\link.10012-cvtres.read.1.tlog
D:\egyetem\Msc dipterv\kinect_app\kinect_app\Win32\Debug\link.10012-cvtres.write.1.tlog
D:\egyetem\Msc dipterv\kinect_app\kinect_app\Win32\Debug\link.10012-rc.read.1.tlog
D:\egyetem\Msc dipterv\kinect_app\kinect_app\Win32\Debug\link.10012-rc.write.1.tlog
D:\egyetem\Msc dipterv\kinect_app\kinect_app\Win32\Debug\link.10012.read.1.tlog
D:\egyetem\Msc dipterv\kinect_app\kinect_app\Win32\Debug\link.10012.write.1.tlog
D:\egyetem\Msc dipterv\kinect_app\kinect_app\Win32\Debug\link.11180-cvtres.read.1.tlog
D:\egyetem\Msc dipterv\kinect_app\kinect_app\Win32\Debug\link.11180-cvtres.write.1.tlog
D:\egyetem\Msc dipterv\kinect_app\kinect_app\Win32\Debug\link.11180-rc.read.1.tlog
D:\egyetem\Msc dipterv\kinect_app\kinect_app\Win32\Debug\link.11180-rc.write.1.tlog
D:\egyetem\Msc dipterv\kinect_app\kinect_app\Win32\Debug\link.11180.read.1.tlog
D:\egyetem\Msc dipterv\kinect_app\kinect_app\Win32\Debug\link.11180.write.1.tlog
D:\egyetem\Msc dipterv\kinect_app\kinect_app\Win32\Debug\link.2248-cvtres.read.1.tlog
D:\egyetem\Msc dipterv\kinect_app\kinect_app\Win32\Debug\link.2248-cvtres.write.1.tlog
D:\egyetem\Msc dipterv\kinect_app\kinect_app\Win32\Debug\link.2248-rc.read.1.tlog
D:\egyetem\Msc dipterv\kinect_app\kinect_app\Win32\Debug\link.2248-rc.write.1.tlog
D:\egyetem\Msc dipterv\kinect_app\kinect_app\Win32\Debug\link.2248.read.1.tlog
D:\egyetem\Msc dipterv\kinect_app\kinect_app\Win32\Debug\link.2248.write.1.tlog
D:\egyetem\Msc dipterv\kinect_app\kinect_app\Win32\Debug\link.256-cvtres.read.1.tlog
D:\egyetem\Msc dipterv\kinect_app\kinect_app\Win32\Debug\link.256-cvtres.write.1.tlog
D:\egyetem\Msc dipterv\kinect_app\kinect_app\Win32\Debug\link.256-rc.read.1.tlog
D:\egyetem\Msc dipterv\kinect_app\kinect_app\Win32\Debug\link.256-rc.write.1.tlog
D:\egyetem\Msc dipterv\kinect_app\kinect_app\Win32\Debug\link.256.read.1.tlog
D:\egyetem\Msc dipterv\kinect_app\kinect_app\Win32\Debug\link.256.write.1.tlog
D:\egyetem\Msc dipterv\kinect_app\kinect_app\Win32\Debug\link.3224-cvtres.read.1.tlog
D:\egyetem\Msc dipterv\kinect_app\kinect_app\Win32\Debug\link.3224-cvtres.write.1.tlog
D:\egyetem\Msc dipterv\kinect_app\kinect_app\Win32\Debug\link.3224-rc.read.1.tlog
D:\egyetem\Msc dipterv\kinect_app\kinect_app\Win32\Debug\link.3224-rc.write.1.tlog
D:\egyetem\Msc dipterv\kinect_app\kinect_app\Win32\Debug\link.3224.read.1.tlog
D:\egyetem\Msc dipterv\kinect_app\kinect_app\Win32\Debug\link.3224.write.1.tlog
D:\egyetem\Msc dipterv\kinect_app\kinect_app\Win32\Debug\link.4464-cvtres.read.1.tlog
D:\egyetem\Msc dipterv\kinect_app\kinect_app\Win32\Debug\link.4464-cvtres.write.1.tlog
D:\egyetem\Msc dipterv\kinect_app\kinect_app\Win32\Debug\link.4464-rc.read.1.tlog
D:\egyetem\Msc dipterv\kinect_app\kinect_app\Win32\Debug\link.4464-rc.write.1.tlog
D:\egyetem\Msc dipterv\kinect_app\kinect_app\Win32\Debug\link.4464.read.1.tlog
D:\egyetem\Msc dipterv\kinect_app\kinect_app\Win32\Debug\link.4464.write.1.tlog
D:\egyetem\Msc dipterv\kinect_app\kinect_app\Win32\Debug\link.5292-cvtres.read.1.tlog
D:\egyetem\Msc dipterv\kinect_app\kinect_app\Win32\Debug\link.5292-cvtres.write.1.tlog
D:\egyetem\Msc dipterv\kinect_app\kinect_app\Win32\Debug\link.5292-rc.read.1.tlog
D:\egyetem\Msc dipterv\kinect_app\kinect_app\Win32\Debug\link.5292-rc.write.1.tlog
D:\egyetem\Msc dipterv\kinect_app\kinect_app\Win32\Debug\link.5292.read.1.tlog
D:\egyetem\Msc dipterv\kinect_app\kinect_app\Win32\Debug\link.5292.write.1.tlog
D:\egyetem\Msc dipterv\kinect_app\kinect_app\Win32\Debug\link.7808-cvtres.read.1.tlog
D:\egyetem\Msc dipterv\kinect_app\kinect_app\Win32\Debug\link.7808-cvtres.write.1.tlog
D:\egyetem\Msc dipterv\kinect_app\kinect_app\Win32\Debug\link.7808-rc.read.1.tlog
D:\egyetem\Msc dipterv\kinect_app\kinect_app\Win32\Debug\link.7808-rc.write.1.tlog
D:\egyetem\Msc dipterv\kinect_app\kinect_app\Win32\Debug\link.7808.read.1.tlog
D:\egyetem\Msc dipterv\kinect_app\kinect_app\Win32\Debug\link.7808.write.1.tlog
D:\egyetem\Msc dipterv\kinect_app\kinect_app\Win32\Debug\link.8428-cvtres.read.1.tlog
D:\egyetem\Msc dipterv\kinect_app\kinect_app\Win32\Debug\link.8428-cvtres.write.1.tlog
D:\egyetem\Msc dipterv\kinect_app\kinect_app\Win32\Debug\link.8428-rc.read.1.tlog
D:\egyetem\Msc dipterv\kinect_app\kinect_app\Win32\Debug\link.8428-rc.write.1.tlog
D:\egyetem\Msc dipterv\kinect_app\kinect_app\Win32\Debug\link.8428.read.1.tlog
D:\egyetem\Msc dipterv\kinect_app\kinect_app\Win32\Debug\link.8428.write.1.tlog
D:\egyetem\Msc dipterv\kinect_app\kinect_app\Win32\Debug\link.command.1.tlog
D:\egyetem\Msc dipterv\kinect_app\kinect_app\Win32\Debug\link.read.1.tlog
D:\egyetem\Msc dipterv\kinect_app\kinect_app\Win32\Debug\link.write.1.tlog
D:\egyetem\Msc dipterv\kinect_app\kinect_app\Win32\Debug\vc110.pdb
D:\egyetem\Msc dipterv\kinect_app\Win32\Debug\kinect_app.pdb
D:\egyetem\Msc dipterv\kinect_app\Win32\Debug\kinect_app.exe
D:\egyetem\Msc dipterv\kinect_app\Win32\Debug\kinect_app.ilk
