d:\egyetem\msc dipterv\kinect_app\kinect_app\x64\debug\vc140.pdb
d:\egyetem\msc dipterv\kinect_app\kinect_app\x64\debug\ogrewidget.obj
d:\egyetem\msc dipterv\kinect_app\kinect_app\x64\debug\main.obj
d:\egyetem\msc dipterv\kinect_app\kinect_app\x64\debug\kinect_app.obj
d:\egyetem\msc dipterv\kinect_app\kinect_app\x64\debug\moc_ogrewidget.obj
d:\egyetem\msc dipterv\kinect_app\kinect_app\x64\debug\moc_kinect_app.obj
d:\egyetem\msc dipterv\kinect_app\kinect_app\x64\debug\bodyprocess.obj
d:\egyetem\msc dipterv\kinect_app\kinect_app\x64\debug\error_code.obj
d:\egyetem\msc dipterv\kinect_app\kinect_app\x64\debug\qrc_kinect_app.obj
d:\egyetem\msc dipterv\kinect_app\kinect_app\x64\debug\ogrewidgetv2.obj
d:\egyetem\msc dipterv\kinect_app\kinect_app\x64\debug\moc_ogrewidgetv2.obj
d:\egyetem\msc dipterv\kinect_app\kinect_app\generatedfiles\ui_kinect_app.h
d:\egyetem\msc dipterv\kinect_app\kinect_app\generatedfiles\qrc_kinect_app.cpp
d:\egyetem\msc dipterv\kinect_app\kinect_app\generatedfiles\debug\moc_kinect_app.cpp
d:\egyetem\msc dipterv\kinect_app\kinect_app\generatedfiles\debug\moc_ogrewidgetv2.cpp
d:\egyetem\msc dipterv\kinect_app\x64\debug\kinect_app.ilk
d:\egyetem\msc dipterv\kinect_app\x64\debug\kinect_app.exe
d:\egyetem\msc dipterv\kinect_app\x64\debug\kinect_app.pdb
d:\egyetem\msc dipterv\kinect_app\kinect_app\x64\debug\bodybasics.res
d:\egyetem\msc dipterv\kinect_app\kinect_app\x64\debug\kinect_app.tlog\cl.command.1.tlog
d:\egyetem\msc dipterv\kinect_app\kinect_app\x64\debug\kinect_app.tlog\cl.read.1.tlog
d:\egyetem\msc dipterv\kinect_app\kinect_app\x64\debug\kinect_app.tlog\cl.write.1.tlog
d:\egyetem\msc dipterv\kinect_app\kinect_app\x64\debug\kinect_app.tlog\custombuild.command.1.tlog
d:\egyetem\msc dipterv\kinect_app\kinect_app\x64\debug\kinect_app.tlog\custombuild.read.1.tlog
d:\egyetem\msc dipterv\kinect_app\kinect_app\x64\debug\kinect_app.tlog\custombuild.write.1.tlog
d:\egyetem\msc dipterv\kinect_app\kinect_app\x64\debug\kinect_app.tlog\link.command.1.tlog
d:\egyetem\msc dipterv\kinect_app\kinect_app\x64\debug\kinect_app.tlog\link.read.1.tlog
d:\egyetem\msc dipterv\kinect_app\kinect_app\x64\debug\kinect_app.tlog\link.write.1.tlog
d:\egyetem\msc dipterv\kinect_app\kinect_app\x64\debug\kinect_app.tlog\rc.command.1.tlog
d:\egyetem\msc dipterv\kinect_app\kinect_app\x64\debug\kinect_app.tlog\rc.read.1.tlog
d:\egyetem\msc dipterv\kinect_app\kinect_app\x64\debug\kinect_app.tlog\rc.write.1.tlog
