d:\egyetem\msc dipterv\kinect_app\kinect_app\x64\release\ogrewidgetv2.obj
d:\egyetem\msc dipterv\kinect_app\kinect_app\x64\release\main.obj
d:\egyetem\msc dipterv\kinect_app\kinect_app\x64\release\kinect_app.obj
d:\egyetem\msc dipterv\kinect_app\kinect_app\x64\release\moc_ogrewidgetv2.obj
d:\egyetem\msc dipterv\kinect_app\kinect_app\x64\release\moc_kinect_app.obj
d:\egyetem\msc dipterv\kinect_app\kinect_app\x64\release\bodyprocess.obj
d:\egyetem\msc dipterv\kinect_app\kinect_app\x64\release\error_code.obj
d:\egyetem\msc dipterv\kinect_app\kinect_app\x64\release\qrc_kinect_app.obj
d:\egyetem\msc dipterv\kinect_app\kinect_app\generatedfiles\ui_kinect_app.h
d:\egyetem\msc dipterv\kinect_app\kinect_app\generatedfiles\release\moc_ogrewidgetv2.cpp
d:\egyetem\msc dipterv\kinect_app\kinect_app\generatedfiles\qrc_kinect_app.cpp
d:\egyetem\msc dipterv\kinect_app\kinect_app\generatedfiles\release\moc_kinect_app.cpp
d:\egyetem\msc dipterv\kinect_app\x64\release\kinect_app.exe
d:\egyetem\msc dipterv\kinect_app\kinect_app\x64\release\bodybasics.res
d:\egyetem\msc dipterv\kinect_app\kinect_app\x64\release\kinect_app.tlog\cl.command.1.tlog
d:\egyetem\msc dipterv\kinect_app\kinect_app\x64\release\kinect_app.tlog\cl.read.1.tlog
d:\egyetem\msc dipterv\kinect_app\kinect_app\x64\release\kinect_app.tlog\cl.write.1.tlog
d:\egyetem\msc dipterv\kinect_app\kinect_app\x64\release\kinect_app.tlog\custombuild.command.1.tlog
d:\egyetem\msc dipterv\kinect_app\kinect_app\x64\release\kinect_app.tlog\custombuild.read.1.tlog
d:\egyetem\msc dipterv\kinect_app\kinect_app\x64\release\kinect_app.tlog\custombuild.write.1.tlog
d:\egyetem\msc dipterv\kinect_app\kinect_app\x64\release\kinect_app.tlog\link.command.1.tlog
d:\egyetem\msc dipterv\kinect_app\kinect_app\x64\release\kinect_app.tlog\link.read.1.tlog
d:\egyetem\msc dipterv\kinect_app\kinect_app\x64\release\kinect_app.tlog\link.write.1.tlog
d:\egyetem\msc dipterv\kinect_app\kinect_app\x64\release\kinect_app.tlog\rc.command.1.tlog
d:\egyetem\msc dipterv\kinect_app\kinect_app\x64\release\kinect_app.tlog\rc.read.1.tlog
d:\egyetem\msc dipterv\kinect_app\kinect_app\x64\release\kinect_app.tlog\rc.write.1.tlog
